<?xml version="1.0" encoding="UTF-8"?>
<testng-results skipped="0" failed="0" ignored="0" total="1" passed="1">
  <reporter-output>
  </reporter-output>
  <suite name="Default Suite" duration-ms="57" started-at="2022-08-10T13:00:56 IST" finished-at="2022-08-10T13:00:57 IST">
    <groups>
    </groups>
    <test name="TestNG" duration-ms="57" started-at="2022-08-10T13:00:56 IST" finished-at="2022-08-10T13:00:57 IST">
      <class name="TestCases">
        <test-method status="PASS" signature="test1()[pri:0, instance:TestCases@ae45eb6]" name="test1" duration-ms="12" started-at="2022-08-10T13:00:57 IST" finished-at="2022-08-10T13:00:57 IST">
          <reporter-output>
          </reporter-output>
        </test-method> <!-- test1 -->
      </class> <!-- TestCases -->
    </test> <!-- TestNG -->
  </suite> <!-- Default Suite -->
</testng-results>
